<?xml version="1.0" encoding="UTF-8"?>
<!-- Generated by org.testng.reporters.JUnitReportReporter -->
<testsuite skipped="0" hostname="LAPTOP-B5MML8I2" name="org.amazon.Amazon" tests="1" failures="0" timestamp="17 Dec 2020 07:51:39 GMT" time="63.806" errors="0">
  <testcase name="test1" time="63.806" classname="org.amazon.Amazon"/>
</testsuite> <!-- org.amazon.Amazon -->
